<?xml version="1.0" encoding="UTF-8"?>
<testng-results ignored="0" total="4" passed="4" failed="0" skipped="0">
  <reporter-output>
  </reporter-output>
  <suite started-at="2021-07-14T11:46:25 IST" name="Suite" finished-at="2021-07-14T11:46:42 IST" duration-ms="16311">
    <groups>
    </groups>
    <test started-at="2021-07-14T11:46:25 IST" name="ChromeTest" finished-at="2021-07-14T11:46:38 IST" duration-ms="13072">
      <class name="com.testcase.data.TestClass">
        <test-method is-config="true" signature="setup(java.lang.String)[pri:0, instance:com.testcase.data.TestClass@37d4349f]" started-at="2021-07-14T11:46:25 IST" name="setup" finished-at="2021-07-14T11:46:32 IST" duration-ms="6155" status="PASS">
          <params>
            <param index="0">
              <value>
                <![CDATA[chrome]]>
              </value>
            </param>
          </params>
          <reporter-output>
          </reporter-output>
        </test-method> <!-- setup -->
        <test-method signature="enter_UserDetails(java.lang.String, java.lang.String)[pri:1, instance:com.testcase.data.TestClass@37d4349f]" started-at="2021-07-14T11:46:32 IST" name="enter_UserDetails" data-provider="inputdata" finished-at="2021-07-14T11:46:35 IST" duration-ms="3535" status="PASS">
          <params>
            <param index="0">
              <value>
                <![CDATA[admin]]>
              </value>
            </param>
            <param index="1">
              <value>
                <![CDATA[admin]]>
              </value>
            </param>
          </params>
          <reporter-output>
          </reporter-output>
        </test-method> <!-- enter_UserDetails -->
        <test-method signature="enter_UserDetails(java.lang.String, java.lang.String)[pri:1, instance:com.testcase.data.TestClass@37d4349f]" started-at="2021-07-14T11:46:35 IST" name="enter_UserDetails" data-provider="inputdata" finished-at="2021-07-14T11:46:38 IST" duration-ms="2489" status="PASS">
          <params>
            <param index="0">
              <value>
                <![CDATA[jsmith]]>
              </value>
            </param>
            <param index="1">
              <value>
                <![CDATA[demo1234]]>
              </value>
            </param>
          </params>
          <reporter-output>
          </reporter-output>
        </test-method> <!-- enter_UserDetails -->
        <test-method is-config="true" signature="tearDown()[pri:0, instance:com.testcase.data.TestClass@37d4349f]" started-at="2021-07-14T11:46:38 IST" name="tearDown" finished-at="2021-07-14T11:46:38 IST" duration-ms="843" status="PASS">
          <reporter-output>
          </reporter-output>
        </test-method> <!-- tearDown -->
      </class> <!-- com.testcase.data.TestClass -->
    </test> <!-- ChromeTest -->
    <test started-at="2021-07-14T11:46:25 IST" name="FirefoxTest" finished-at="2021-07-14T11:46:42 IST" duration-ms="16311">
      <class name="com.testcase.data.TestClass">
        <test-method is-config="true" signature="setup(java.lang.String)[pri:0, instance:com.testcase.data.TestClass@611889f4]" started-at="2021-07-14T11:46:25 IST" name="setup" finished-at="2021-07-14T11:46:36 IST" duration-ms="10424" status="PASS">
          <params>
            <param index="0">
              <value>
                <![CDATA[firefox]]>
              </value>
            </param>
          </params>
          <reporter-output>
          </reporter-output>
        </test-method> <!-- setup -->
        <test-method signature="enter_UserDetails(java.lang.String, java.lang.String)[pri:1, instance:com.testcase.data.TestClass@611889f4]" started-at="2021-07-14T11:46:36 IST" name="enter_UserDetails" data-provider="inputdata" finished-at="2021-07-14T11:46:38 IST" duration-ms="2637" status="PASS">
          <params>
            <param index="0">
              <value>
                <![CDATA[admin]]>
              </value>
            </param>
            <param index="1">
              <value>
                <![CDATA[admin]]>
              </value>
            </param>
          </params>
          <reporter-output>
          </reporter-output>
        </test-method> <!-- enter_UserDetails -->
        <test-method signature="enter_UserDetails(java.lang.String, java.lang.String)[pri:1, instance:com.testcase.data.TestClass@611889f4]" started-at="2021-07-14T11:46:38 IST" name="enter_UserDetails" data-provider="inputdata" finished-at="2021-07-14T11:46:41 IST" duration-ms="2426" status="PASS">
          <params>
            <param index="0">
              <value>
                <![CDATA[jsmith]]>
              </value>
            </param>
            <param index="1">
              <value>
                <![CDATA[demo1234]]>
              </value>
            </param>
          </params>
          <reporter-output>
          </reporter-output>
        </test-method> <!-- enter_UserDetails -->
        <test-method is-config="true" signature="tearDown()[pri:0, instance:com.testcase.data.TestClass@611889f4]" started-at="2021-07-14T11:46:41 IST" name="tearDown" finished-at="2021-07-14T11:46:42 IST" duration-ms="814" status="PASS">
          <reporter-output>
          </reporter-output>
        </test-method> <!-- tearDown -->
      </class> <!-- com.testcase.data.TestClass -->
    </test> <!-- FirefoxTest -->
  </suite> <!-- Suite -->
</testng-results>
